Arguments: 
  /usr/local/bin/node /Users/nohyujin/.yarn/bin/yarn.js add create react-app react-calandar

PATH: 
  /Users/nohyujin/.yarn/bin:/Users/nohyujin/.config/yarn/global/node_modules/.bin:/Library/Frameworks/Python.framework/Versions/3.8/bin:/usr/local/bin:/usr/bin:/bin:/usr/sbin:/sbin:/Library/Apple/usr/bin:/Users/nohyujin/.yarn/bin:/Users/nohyujin/.config/yarn/global/node_modules/.bin:/Library/Frameworks/Python.framework/Versions/3.8/bin

Yarn version: 
  1.22.5

Node version: 
  14.15.0

Platform: 
  darwin x64

Trace: 
  Error: https://registry.yarnpkg.com/react-calandar: Not found
      at Request.params.callback [as _callback] (/Users/nohyujin/.yarn/lib/cli.js:66988:18)
      at Request.self.callback (/Users/nohyujin/.yarn/lib/cli.js:140749:22)
      at Request.emit (events.js:315:20)
      at Request.<anonymous> (/Users/nohyujin/.yarn/lib/cli.js:141721:10)
      at Request.emit (events.js:315:20)
      at IncomingMessage.<anonymous> (/Users/nohyujin/.yarn/lib/cli.js:141643:12)
      at Object.onceWrapper (events.js:421:28)
      at IncomingMessage.emit (events.js:327:22)
      at endReadableNT (_stream_readable.js:1327:12)
      at processTicksAndRejections (internal/process/task_queues.js:80:21)

npm manifest: 
  No manifest

yarn manifest: 
  No manifest

Lockfile: 
  No lockfile
